<?xml version="1.0" encoding="UTF-8"?>
<testng-results skipped="0" failed="1" total="2" passed="1">
  <reporter-output>
  </reporter-output>
  <suite name="Suite" duration-ms="312094" started-at="2016-08-12T11:35:40Z" finished-at="2016-08-12T11:40:53Z">
    <groups>
    </groups>
    <test name="DSS-Regression With Internet Explorer" duration-ms="312094" started-at="2016-08-12T11:35:40Z" finished-at="2016-08-12T11:40:53Z">
      <class name="com.dss.test.dss.subscription.SubscriptionTest">
        <test-method status="PASS" signature="beforeTest(java.lang.String, java.lang.String)[pri:0, instance:com.dss.test.dss.subscription.SubscriptionTest@525f1e4e]" name="beforeTest" is-config="true" duration-ms="18133" started-at="2016-08-12T17:05:41Z" finished-at="2016-08-12T17:05:59Z">
          <params>
            <param index="0">
              <value>
                <![CDATA[internet explorer]]>
              </value>
            </param>
            <param index="1">
              <value>
                <![CDATA[11.494.10586.0]]>
              </value>
            </param>
          </params>
          <reporter-output>
          </reporter-output>
        </test-method> <!-- beforeTest -->
        <test-method status="PASS" signature="BuyPrintPlusDigitalSubscriptionWithinAreaZIPWithNonSSOR(java.lang.String, java.lang.String, java.lang.String, java.lang.String, java.lang.String, java.lang.String, java.lang.String, java.lang.String, java.lang.String, java.lang.String, java.lang.String, java.lang.String, java.lang.String, java.lang.String)[pri:0, instance:com.dss.test.dss.subscription.SubscriptionTest@525f1e4e]" name="BuyPrintPlusDigitalSubscriptionWithinAreaZIPWithNonSSOR" duration-ms="236323" started-at="2016-08-12T17:05:59Z" data-provider="WithInAreaZIP NONSSORUser with BankAccount" finished-at="2016-08-12T17:09:55Z">
          <params>
            <param index="0">
              <value>
                <![CDATA[WithInAreaZIP NONSSORUser with BankAccount]]>
              </value>
            </param>
            <param index="1">
              <value>
                <![CDATA[32809]]>
              </value>
            </param>
            <param index="2">
              <value>
                <![CDATA[TestBankAccount]]>
              </value>
            </param>
            <param index="3">
              <value>
                <![CDATA[9900000002]]>
              </value>
            </param>
            <param index="4">
              <value>
                <![CDATA[021000021]]>
              </value>
            </param>
            <param index="5">
              <value>
                <![CDATA[Bruno]]>
              </value>
            </param>
            <param index="6">
              <value>
                <![CDATA[Colen]]>
              </value>
            </param>
            <param index="7">
              <value>
                <![CDATA[726 Stetson St.]]>
              </value>
            </param>
            <param index="8">
              <value>
                <![CDATA[Arkham]]>
              </value>
            </param>
            <param index="9">
              <value>
                <![CDATA[Orlando]]>
              </value>
            </param>
            <param index="10">
              <value>
                <![CDATA[FL]]>
              </value>
            </param>
            <param index="11">
              <value>
                <![CDATA[8008998830]]>
              </value>
            </param>
            <param index="12">
              <value>
                <![CDATA[tribune1]]>
              </value>
            </param>
            <param index="13">
              <value>
                <![CDATA[AutoGenerated]]>
              </value>
            </param>
          </params>
          <reporter-output>
          </reporter-output>
        </test-method> <!-- BuyPrintPlusDigitalSubscriptionWithinAreaZIPWithNonSSOR -->
        <test-method status="PASS" signature="afterTest(org.testng.ITestResult)[pri:0, instance:com.dss.test.dss.subscription.SubscriptionTest@525f1e4e]" name="afterTest" is-config="true" duration-ms="2996" started-at="2016-08-12T17:09:55Z" finished-at="2016-08-12T17:09:58Z">
          <params>
            <param index="0">
              <value>
                <![CDATA[[TestResult name=BuyPrintPlusDigitalSubscriptionWithinAreaZIPWithNonSSOR status=SUCCESS method=SubscriptionTest.BuyPrintPlusDigitalSubscriptionWithinAreaZIPWithNonSSOR(java.lang.String, java.lang.String, java.lang.String, java.lang.String, java.lang.String, java.lang.String, java.lang.String, java.lang.String, java.lang.String, java.lang.String, java.lang.String, java.lang.String, java.lang.String, java.lang.String)[pri:0, instance:com.dss.test.dss.subscription.SubscriptionTest@525f1e4e] output={null}]]]>
              </value>
            </param>
          </params>
          <reporter-output>
          </reporter-output>
        </test-method> <!-- afterTest -->
        <test-method status="PASS" signature="beforeTest(java.lang.String, java.lang.String)[pri:0, instance:com.dss.test.dss.subscription.SubscriptionTest@525f1e4e]" name="beforeTest" is-config="true" duration-ms="11157" started-at="2016-08-12T17:09:58Z" finished-at="2016-08-12T17:10:10Z">
          <params>
            <param index="0">
              <value>
                <![CDATA[internet explorer]]>
              </value>
            </param>
            <param index="1">
              <value>
                <![CDATA[11.494.10586.0]]>
              </value>
            </param>
          </params>
          <reporter-output>
          </reporter-output>
        </test-method> <!-- beforeTest -->
        <test-method status="FAIL" signature="BuyPrintPlusDigitalSubscriptionWithinAreaZIPWithSSOR(java.lang.String, java.lang.String, java.lang.String, java.lang.String, java.lang.String, java.lang.String, java.lang.String, java.lang.String, java.lang.String, java.lang.String, java.lang.String, java.lang.String, java.lang.String, java.lang.String)[pri:0, instance:com.dss.test.dss.subscription.SubscriptionTest@525f1e4e]" name="BuyPrintPlusDigitalSubscriptionWithinAreaZIPWithSSOR" duration-ms="41289" started-at="2016-08-12T17:10:10Z" data-provider="WithInAreaZIP SSORUser with CreditCard" finished-at="2016-08-12T17:10:51Z">
          <params>
            <param index="0">
              <value>
                <![CDATA[WithInAreaZIP SSORUser with CreditCard]]>
              </value>
            </param>
            <param index="1">
              <value>
                <![CDATA[32801]]>
              </value>
            </param>
            <param index="2">
              <value>
                <![CDATA[TestCreditCard]]>
              </value>
            </param>
            <param index="3">
              <value>
                <![CDATA[4111111111111111]]>
              </value>
            </param>
            <param index="4">
              <value>
                <![CDATA[05 - May,2018]]>
              </value>
            </param>
            <param index="5">
              <value>
                <![CDATA[James]]>
              </value>
            </param>
            <param index="6">
              <value>
                <![CDATA[Hogger]]>
              </value>
            </param>
            <param index="7">
              <value>
                <![CDATA[125 nimes rd]]>
              </value>
            </param>
            <param index="8">
              <value>
                <![CDATA[st Church]]>
              </value>
            </param>
            <param index="9">
              <value>
                <![CDATA[Orlando]]>
              </value>
            </param>
            <param index="10">
              <value>
                <![CDATA[FL]]>
              </value>
            </param>
            <param index="11">
              <value>
                <![CDATA[8888888888]]>
              </value>
            </param>
            <param index="12">
              <value>
                <![CDATA[tribune1]]>
              </value>
            </param>
            <param index="13">
              <value>
                <![CDATA[InSSORUser@gmail.com]]>
              </value>
            </param>
          </params>
          <exception class="org.openqa.selenium.InvalidElementStateException">
            <message>
              <![CDATA[Element must not be hidden, disabled or read-only (WARNING: The server did not provide any stacktrace information)
Command duration or timeout: 126 milliseconds
Build info: version: '2.52.0', revision: '4c2593c', time: '2016-02-11 19:06:42'
System info: host: 'U1-DPE-CPB-0007', ip: '10.10.121.52', os.name: 'Windows 10', os.arch: 'amd64', os.version: '10.0', java.version: '1.8.0_77'
Driver info: org.openqa.selenium.ie.InternetExplorerDriver
Capabilities [{browserAttachTimeout=0, ie.enableFullPageScreenshot=true, enablePersistentHover=true, ie.forceCreateProcessApi=false, ie.forceShellWindowsApi=false, pageLoadStrategy=normal, ignoreZoomSetting=false, ie.fileUploadDialogTimeout=3000, version=11, platform=WINDOWS, nativeEvents=true, ie.ensureCleanSession=false, elementScrollBehavior=0, ie.browserCommandLineSwitches=, requireWindowFocus=false, browserName=internet explorer, initialBrowserUrl=http://localhost:23437/, javascriptEnabled=true, ignoreProtectedModeSettings=false, enableElementCacheCleanup=true, unexpectedAlertBehaviour=dismiss}]
Session ID: 83561812-210c-4c39-b294-71a57b91a9db
Command duration or timeout: 1.61 seconds
Build info: version: '2.53.1', revision: 'a36b8b1cd5757287168e54b817830adce9b0158d', time: '2016-06-30 19:26:09'
System info: host: 'U4-DPE-CPU-0213', ip: '10.10.121.112', os.name: 'Windows 7', os.arch: 'amd64', os.version: '6.1', java.version: '1.8.0_20'
Driver info: org.openqa.selenium.remote.RemoteWebDriver
Capabilities [{browserAttachTimeout=0, ie.enableFullPageScreenshot=true, enablePersistentHover=true, ie.forceCreateProcessApi=false, ie.forceShellWindowsApi=false, pageLoadStrategy=normal, ignoreZoomSetting=false, ie.fileUploadDialogTimeout=3000, version=11, platform=WINDOWS, nativeEvents=true, ie.ensureCleanSession=false, elementScrollBehavior=0, ie.browserCommandLineSwitches=, webdriver.remote.sessionid=9feed1fb-e766-49e2-a18b-06b6dd9c3fd6, requireWindowFocus=false, browserName=internet explorer, initialBrowserUrl=http://localhost:23437/, takesScreenshot=true, javascriptEnabled=true, ignoreProtectedModeSettings=false, enableElementCacheCleanup=true, cssSelectorsEnabled=true, unexpectedAlertBehaviour=dismiss}]
Session ID: 9feed1fb-e766-49e2-a18b-06b6dd9c3fd6]]>
            </message>
            <full-stacktrace>
              <![CDATA[org.openqa.selenium.InvalidElementStateException: Element must not be hidden, disabled or read-only (WARNING: The server did not provide any stacktrace information)
Command duration or timeout: 126 milliseconds
Build info: version: '2.52.0', revision: '4c2593c', time: '2016-02-11 19:06:42'
System info: host: 'U1-DPE-CPB-0007', ip: '10.10.121.52', os.name: 'Windows 10', os.arch: 'amd64', os.version: '10.0', java.version: '1.8.0_77'
Driver info: org.openqa.selenium.ie.InternetExplorerDriver
Capabilities [{browserAttachTimeout=0, ie.enableFullPageScreenshot=true, enablePersistentHover=true, ie.forceCreateProcessApi=false, ie.forceShellWindowsApi=false, pageLoadStrategy=normal, ignoreZoomSetting=false, ie.fileUploadDialogTimeout=3000, version=11, platform=WINDOWS, nativeEvents=true, ie.ensureCleanSession=false, elementScrollBehavior=0, ie.browserCommandLineSwitches=, requireWindowFocus=false, browserName=internet explorer, initialBrowserUrl=http://localhost:23437/, javascriptEnabled=true, ignoreProtectedModeSettings=false, enableElementCacheCleanup=true, unexpectedAlertBehaviour=dismiss}]
Session ID: 83561812-210c-4c39-b294-71a57b91a9db
Command duration or timeout: 1.61 seconds
Build info: version: '2.53.1', revision: 'a36b8b1cd5757287168e54b817830adce9b0158d', time: '2016-06-30 19:26:09'
System info: host: 'U4-DPE-CPU-0213', ip: '10.10.121.112', os.name: 'Windows 7', os.arch: 'amd64', os.version: '6.1', java.version: '1.8.0_20'
Driver info: org.openqa.selenium.remote.RemoteWebDriver
Capabilities [{browserAttachTimeout=0, ie.enableFullPageScreenshot=true, enablePersistentHover=true, ie.forceCreateProcessApi=false, ie.forceShellWindowsApi=false, pageLoadStrategy=normal, ignoreZoomSetting=false, ie.fileUploadDialogTimeout=3000, version=11, platform=WINDOWS, nativeEvents=true, ie.ensureCleanSession=false, elementScrollBehavior=0, ie.browserCommandLineSwitches=, webdriver.remote.sessionid=9feed1fb-e766-49e2-a18b-06b6dd9c3fd6, requireWindowFocus=false, browserName=internet explorer, initialBrowserUrl=http://localhost:23437/, takesScreenshot=true, javascriptEnabled=true, ignoreProtectedModeSettings=false, enableElementCacheCleanup=true, cssSelectorsEnabled=true, unexpectedAlertBehaviour=dismiss}]
Session ID: 9feed1fb-e766-49e2-a18b-06b6dd9c3fd6
	at sun.reflect.NativeConstructorAccessorImpl.newInstance0(Native Method)
	at sun.reflect.NativeConstructorAccessorImpl.newInstance(Unknown Source)
	at sun.reflect.DelegatingConstructorAccessorImpl.newInstance(Unknown Source)
	at java.lang.reflect.Constructor.newInstance(Unknown Source)
	at org.openqa.selenium.remote.ErrorHandler.createThrowable(ErrorHandler.java:206)
	at org.openqa.selenium.remote.ErrorHandler.throwIfResponseFailed(ErrorHandler.java:158)
	at org.openqa.selenium.remote.RemoteWebDriver.execute(RemoteWebDriver.java:678)
	at org.openqa.selenium.remote.RemoteWebElement.execute(RemoteWebElement.java:327)
	at org.openqa.selenium.remote.RemoteWebElement.clear(RemoteWebElement.java:140)
	at com.dss.test.dss.pageobject.CheckoutPageObject.payWithCreditCard(CheckoutPageObject.java:85)
	at com.dss.test.dss.subscription.SubscriptionTest.BuyPrintPlusDigitalSubscriptionWithinAreaZIPWithSSOR(SubscriptionTest.java:163)
	at sun.reflect.NativeMethodAccessorImpl.invoke0(Native Method)
	at sun.reflect.NativeMethodAccessorImpl.invoke(Unknown Source)
	at sun.reflect.DelegatingMethodAccessorImpl.invoke(Unknown Source)
	at java.lang.reflect.Method.invoke(Unknown Source)
	at org.testng.internal.MethodInvocationHelper.invokeMethod(MethodInvocationHelper.java:85)
	at org.testng.internal.Invoker.invokeMethod(Invoker.java:659)
	at org.testng.internal.Invoker.invokeTestMethod(Invoker.java:845)
	at org.testng.internal.Invoker.invokeTestMethods(Invoker.java:1153)
	at org.testng.internal.TestMethodWorker.invokeTestMethods(TestMethodWorker.java:125)
	at org.testng.internal.TestMethodWorker.run(TestMethodWorker.java:108)
	at org.testng.TestRunner.privateRun(TestRunner.java:771)
	at org.testng.TestRunner.run(TestRunner.java:621)
	at org.testng.SuiteRunner.runTest(SuiteRunner.java:357)
	at org.testng.SuiteRunner.access$000(SuiteRunner.java:38)
	at org.testng.SuiteRunner$SuiteWorker.run(SuiteRunner.java:391)
	at org.testng.internal.thread.ThreadUtil$2.call(ThreadUtil.java:64)
	at java.util.concurrent.FutureTask.run(Unknown Source)
	at java.util.concurrent.ThreadPoolExecutor.runWorker(Unknown Source)
	at java.util.concurrent.ThreadPoolExecutor$Worker.run(Unknown Source)
	at java.lang.Thread.run(Unknown Source)
Caused by: org.openqa.selenium.remote.ScreenshotException: Screen shot has been taken
Build info: version: '2.53.1', revision: 'a36b8b1cd5757287168e54b817830adce9b0158d', time: '2016-06-30 19:26:09'
System info: host: 'U4-DPE-CPU-0213', ip: '10.10.121.112', os.name: 'Windows 7', os.arch: 'amd64', os.version: '6.1', java.version: '1.8.0_20'
Driver info: driver.version: RemoteWebDriver
	at org.openqa.selenium.remote.ErrorHandler.throwIfResponseFailed(ErrorHandler.java:138)
	... 25 more
Caused by: org.openqa.selenium.InvalidElementStateException: Element must not be hidden, disabled or read-only (WARNING: The server did not provide any stacktrace information)
Command duration or timeout: 126 milliseconds
Build info: version: '2.52.0', revision: '4c2593c', time: '2016-02-11 19:06:42'
System info: host: 'U1-DPE-CPB-0007', ip: '10.10.121.52', os.name: 'Windows 10', os.arch: 'amd64', os.version: '10.0', java.version: '1.8.0_77'
Driver info: org.openqa.selenium.ie.InternetExplorerDriver
Capabilities [{browserAttachTimeout=0, ie.enableFullPageScreenshot=true, enablePersistentHover=true, ie.forceCreateProcessApi=false, ie.forceShellWindowsApi=false, pageLoadStrategy=normal, ignoreZoomSetting=false, ie.fileUploadDialogTimeout=3000, version=11, platform=WINDOWS, nativeEvents=true, ie.ensureCleanSession=false, elementScrollBehavior=0, ie.browserCommandLineSwitches=, requireWindowFocus=false, browserName=internet explorer, initialBrowserUrl=http://localhost:23437/, javascriptEnabled=true, ignoreProtectedModeSettings=false, enableElementCacheCleanup=true, unexpectedAlertBehaviour=dismiss}]
Session ID: 83561812-210c-4c39-b294-71a57b91a9db
Build info: version: '2.53.1', revision: 'a36b8b1cd5757287168e54b817830adce9b0158d', time: '2016-06-30 19:26:09'
System info: host: 'U4-DPE-CPU-0213', ip: '10.10.121.112', os.name: 'Windows 7', os.arch: 'amd64', os.version: '6.1', java.version: '1.8.0_20'
Driver info: driver.version: RemoteWebDriver
	at sun.reflect.NativeConstructorAccessorImpl.newInstance0(Native Method)
	at sun.reflect.NativeConstructorAccessorImpl.newInstance(Unknown Source)
	at sun.reflect.DelegatingConstructorAccessorImpl.newInstance(Unknown Source)
	at java.lang.reflect.Constructor.newInstance(Unknown Source)
	at org.openqa.selenium.remote.ErrorHandler.createThrowable(ErrorHandler.java:206)
	at org.openqa.selenium.remote.ErrorHandler.throwIfResponseFailed(ErrorHandler.java:158)
	at org.openqa.selenium.remote.RemoteWebDriver.execute(RemoteWebDriver.java:678)
	at org.openqa.selenium.remote.RemoteWebElement.execute(RemoteWebElement.java:327)
	at org.openqa.selenium.remote.RemoteWebElement.clear(RemoteWebElement.java:140)
	at sun.reflect.GeneratedMethodAccessor14.invoke(Unknown Source)
	at sun.reflect.DelegatingMethodAccessorImpl.invoke(Unknown Source)
	at java.lang.reflect.Method.invoke(Unknown Source)
	at org.openqa.selenium.support.events.EventFiringWebDriver$EventFiringWebElement$1.invoke(EventFiringWebDriver.java:335)
	at com.sun.proxy.$Proxy2.clear(Unknown Source)
	at org.openqa.selenium.support.events.EventFiringWebDriver$EventFiringWebElement.clear(EventFiringWebDriver.java:364)
	at sun.reflect.GeneratedMethodAccessor14.invoke(Unknown Source)
	at sun.reflect.DelegatingMethodAccessorImpl.invoke(Unknown Source)
	at java.lang.reflect.Method.invoke(Unknown Source)
	at org.openqa.selenium.remote.server.KnownElements$1.invoke(KnownElements.java:64)
	at com.sun.proxy.$Proxy3.clear(Unknown Source)
	at org.openqa.selenium.remote.server.handler.ClearElement.call(ClearElement.java:30)
	at org.openqa.selenium.remote.server.handler.ClearElement.call(ClearElement.java:1)
	at java.util.concurrent.FutureTask.run(Unknown Source)
	at org.openqa.selenium.remote.server.DefaultSession$1.run(DefaultSession.java:176)
	... 3 more
]]>
            </full-stacktrace>
          </exception> <!-- org.openqa.selenium.InvalidElementStateException -->
          <reporter-output>
          </reporter-output>
        </test-method> <!-- BuyPrintPlusDigitalSubscriptionWithinAreaZIPWithSSOR -->
        <test-method status="PASS" signature="afterTest(org.testng.ITestResult)[pri:0, instance:com.dss.test.dss.subscription.SubscriptionTest@525f1e4e]" name="afterTest" is-config="true" duration-ms="1701" started-at="2016-08-12T17:10:51Z" finished-at="2016-08-12T17:10:53Z">
          <params>
            <param index="0">
              <value>
                <![CDATA[[TestResult name=BuyPrintPlusDigitalSubscriptionWithinAreaZIPWithSSOR status=FAILURE method=SubscriptionTest.BuyPrintPlusDigitalSubscriptionWithinAreaZIPWithSSOR(java.lang.String, java.lang.String, java.lang.String, java.lang.String, java.lang.String, java.lang.String, java.lang.String, java.lang.String, java.lang.String, java.lang.String, java.lang.String, java.lang.String, java.lang.String, java.lang.String)[pri:0, instance:com.dss.test.dss.subscription.SubscriptionTest@525f1e4e] output={null}]]]>
              </value>
            </param>
          </params>
          <reporter-output>
          </reporter-output>
        </test-method> <!-- afterTest -->
      </class> <!-- com.dss.test.dss.subscription.SubscriptionTest -->
    </test> <!-- DSS-Regression With Internet Explorer -->
  </suite> <!-- Suite -->
</testng-results>
